07<=60
11<=60
16<=60
04<=60
08<=60
11<=60
14<=60
21<=60
29<=60
33<=60
39<=60
05<=60
10<=60
17<=60
25<=60
06<=60
09<=60
13<=60
21<=60
32<=60
36<=60
44<=60
48<=60
57<=60
64> 60
06<=60
09<=60
16<=60
22<=60
08<=60
12<=60
17<=60
21<=60
33<=60
39<=60
06<=60
12<=60
21<=60
24<=60
32<=60
39<=60
04<=60
10<=60
20<=60
25<=60
33<=60
41<=60
04<=60
10<=60
20<=60
25<=60
35<=60
06<=60
12<=60
21<=60
24<=60
28<=60
35<=60
Usage: ./dhelper.sh [flags, ...] <target> [target_arguments...]

A helpful tool for doorbellian development

Maintained by Maxine Alexander <max.alexander3721@gmail.com>

----------------------------------------------------------------

    flag | name                | description
    ------------------------------------------------------------------------------
    -h   | help                | prints this menu

    -f   | force               | run even if no camera devices are found


--------------------------------------------------------------------------------------
    target                     | description
    ------------------------------------------------------------------------------
    usb                        | list found camera devices

    clean                      | clean out the related containers and images, and dangling
                                 images

    build                      | build the docker image

    extract                    | extract logs from the constructed image

    bae                        | build target followed by extract target

    run                        | run docker container with default command

    bash                       | run docker container with /bin/bash

    bar                        | build target followed by run target



